<?xml version="1.0" encoding="UTF-8"?>
<!-- Generated by org.testng.reporters.JUnitReportReporter -->
<testsuite hostname="DESKTOP-UBM9FTJ" failures="0" tests="2" name="testcase.Changeinvoicetype" time="139.855" errors="0" timestamp="2021-07-14T22:11:59 IST" skipped="0">
  <testcase classname="testcase.Changeinvoicetype" name="login" time="4.771"/>
  <system-out/>
  <testcase classname="testcase.Changeinvoicetype" name="changesinvoicetype" time="135.084"/>
  <system-out/>
</testsuite> <!-- testcase.Changeinvoicetype -->
