<?xml version="1.0" encoding="UTF-8"?>
<!-- Generated by org.testng.reporters.JUnitReportReporter -->
<testsuite hostname="Azarudeen" failures="0" tests="1" name="testcase.Smoketest" time="21.175" errors="0" timestamp="2021-12-09T19:38:11 IST" skipped="0">
  <testcase classname="testcase.Smoketest" name="login" time="21.175"/>
  <system-out/>
</testsuite> <!-- testcase.Smoketest -->
