<?xml version="1.0" encoding="UTF-8"?>
<!-- Generated by org.testng.reporters.JUnitReportReporter -->
<testsuite hostname="DESKTOP-UBM9FTJ" failures="0" tests="5" name="testcase.Download_and_print_reports" time="370.217" errors="0" timestamp="2021-08-31T11:21:00 IST" skipped="0">
  <testcase classname="testcase.Download_and_print_reports" name="login" time="5.903"/>
  <system-out/>
  <testcase classname="testcase.Download_and_print_reports" name="customersreportdownload_print" time="29.633"/>
  <system-out/>
  <testcase classname="testcase.Download_and_print_reports" name="jobreportdownload_print" time="152.114"/>
  <system-out/>
  <testcase classname="testcase.Download_and_print_reports" name="timesheetreport" time="31.837"/>
  <system-out/>
  <testcase classname="testcase.Download_and_print_reports" name="salesreport" time="150.730"/>
  <system-out/>
</testsuite> <!-- testcase.Download_and_print_reports -->
