<?xml version="1.0" encoding="UTF-8"?>
<!-- Generated by org.testng.reporters.JUnitReportReporter -->
<testsuite hostname="DESKTOP-UBM9FTJ" failures="0" tests="7" name="pages.Changeinvoice" time="136.746" errors="0" timestamp="2021-07-14T21:27:05 IST" skipped="0">
  <testcase classname="pages.Changeinvoice" name="login" time="4.760"/>
  <system-out/>
  <testcase classname="pages.Changeinvoice" name="addcustomer" time="7.016"/>
  <system-out/>
  <testcase classname="pages.Changeinvoice" name="addjob" time="10.315"/>
  <system-out/>
  <testcase classname="pages.Changeinvoice" name="adddiary" time="10.802"/>
  <system-out/>
  <testcase classname="pages.Changeinvoice" name="add_additionalinvoice" time="42.392"/>
  <system-out/>
  <testcase classname="pages.Changeinvoice" name="addfinalinvoice" time="52.797"/>
  <system-out/>
  <testcase classname="pages.Changeinvoice" name="editinvoicetype" time="8.664"/>
  <system-out/>
</testsuite> <!-- pages.Changeinvoice -->
