<?xml version="1.0" encoding="UTF-8"?>
<!-- Generated by org.testng.reporters.JUnitReportReporter -->
<testsuite hostname="DESKTOP-UBM9FTJ" failures="0" tests="2" name="testcase.Supplierinvoicemodule" time="76.891" errors="0" timestamp="2021-10-27T12:57:06 IST" skipped="0">
  <testcase classname="testcase.Supplierinvoicemodule" name="Login" time="4.707"/>
  <system-out/>
  <testcase classname="testcase.Supplierinvoicemodule" name="supplierinvoice" time="72.184"/>
  <system-out/>
</testsuite> <!-- testcase.Supplierinvoicemodule -->
